{"numTotalTestSuites":222,"numPassedTestSuites":187,"numFailedTestSuites":35,"numPendingTestSuites":0,"numTotalTests":531,"numPassedTests":497,"numFailedTests":34,"numPendingTests":0,"numTodoTests":0,"snapshot":{"added":0,"failure":false,"filesAdded":0,"filesRemoved":0,"filesRemovedList":[],"filesUnmatched":0,"filesUpdated":0,"matched":0,"total":0,"unchecked":0,"uncheckedKeysByFile":[],"unmatched":0,"updated":0,"didUpdate":false},"startTime":1779079585608,"success":false,"testResults":[{"assertionResults":[{"ancestorTitles":["buildExportFilename"],"fullName":"buildExportFilename includes date and time in the export filename","status":"passed","title":"includes date and time in the export filename","duration":89.83319999999958,"failureMessages":[],"meta":{},"tags":[]},{"ancestorTitles":["buildExportFilename"],"fullName":"buildExportFilename uses template label when exporting template","status":"passed","title":"uses template label when exporting template","duration":2.108200000000579,"failureMessages":[],"meta":{},"tags":[]},{"ancestorTitles":["buildExportFilename"],"fullName":"buildExportFilename builds pdf filenames too","status":"passed","title":"builds pdf filenames too","duration":1.8708999999998923,"failureMessages":[],"meta":{},"tags":[]}],"startTime":1779079690190,"endTime":1779079690284.8708,"status":"passed","message":"","name":"D:/Kerjaan/qa-daily/app/__tests__/export-route.test.ts"},{"assertionResults":[{"ancestorTitles":["gantt page"],"fullName":"gantt page renders the loading shell and fetches gantt data","status":"passed","title":"renders the loading shell and fetches gantt data","duration":190.2589999999982,"failureMessages":[],"meta":{},"tags":[]}],"startTime":1779079682960,"endTime":1779079683150.259,"status":"passed","message":"","name":"D:/Kerjaan/qa-daily/app/__tests__/gantt-page.test.tsx"},{"assertionResults":[{"ancestorTitles":["home page"],"fullName":"home page renders Suspense shell synchronously","status":"passed","title":"renders Suspense shell synchronously","duration":44.74200000000201,"failureMessages":[],"meta":{},"tags":[]},{"ancestorTitles":["home page"],"fullName":"home page DashboardPage fetches server-side and renders dashboard","status":"passed","title":"DashboardPage fetches server-side and renders dashboard","duration":3.6841000000022177,"failureMessages":[],"meta":{},"tags":[]}],"startTime":1779079742310,"endTime":1779079742358.684,"status":"passed","message":"","name":"D:/Kerjaan/qa-daily/app/__tests__/home-page.test.tsx"},{"assertionResults":[{"ancestorTitles":["login page"],"fullName":"login page renders the sign-in form and honors next query param","status":"failed","title":"renders the sign-in form and honors next query param","duration":340.2295000000013,"failureMessages":["AssertionError: expected '<div class=\"flex min-h-screen w-full …' to contain 'Enter your credentials to access your…'\n    at D:/Kerjaan/qa-daily/app/__tests__/login-page.test.tsx:37:18\n    at file:///D:/Kerjaan/qa-daily/node_modules/.pnpm/@vitest+runner@4.1.5/node_modules/@vitest/runner/dist/chunk-artifact.js:302:11\n    at file:///D:/Kerjaan/qa-daily/node_modules/.pnpm/@vitest+runner@4.1.5/node_modules/@vitest/runner/dist/chunk-artifact.js:1903:26\n    at file:///D:/Kerjaan/qa-daily/node_modules/.pnpm/@vitest+runner@4.1.5/node_modules/@vitest/runner/dist/chunk-artifact.js:2326:20\n    at new Promise (<anonymous>)\n    at runWithCancel (file:///D:/Kerjaan/qa-daily/node_modules/.pnpm/@vitest+runner@4.1.5/node_modules/@vitest/runner/dist/chunk-artifact.js:2323:10)\n    at file:///D:/Kerjaan/qa-daily/node_modules/.pnpm/@vitest+runner@4.1.5/node_modules/@vitest/runner/dist/chunk-artifact.js:2305:20\n    at new Promise (<anonymous>)\n    at runWithTimeout (file:///D:/Kerjaan/qa-daily/node_modules/.pnpm/@vitest+runner@4.1.5/node_modules/@vitest/runner/dist/chunk-artifact.js:2272:10)\n    at file:///D:/Kerjaan/qa-daily/node_modules/.pnpm/@vitest+runner@4.1.5/node_modules/@vitest/runner/dist/chunk-artifact.js:2955:64"],"meta":{},"tags":[]}],"startTime":1779079650277,"endTime":1779079650617.2295,"status":"failed","message":"","name":"D:/Kerjaan/qa-daily/app/__tests__/login-page.test.tsx"},{"assertionResults":[{"ancestorTitles":["module api route"],"fullName":"module api route blocks cross-assignment on POST for non-admin","status":"failed","title":"blocks cross-assignment on POST for non-admin","duration":64.82409999999982,"failureMessages":["AssertionError: expected 200 to be 403 // Object.is equality\n    at D:/Kerjaan/qa-daily/app/__tests__/module-api-route.test.ts:68:29\n    at processTicksAndRejections (node:internal/process/task_queues:103:5)\n    at file:///D:/Kerjaan/qa-daily/node_modules/.pnpm/@vitest+runner@4.1.5/node_modules/@vitest/runner/dist/chunk-artifact.js:1903:20"],"meta":{},"tags":[]},{"ancestorTitles":["module api route"],"fullName":"module api route blocks cross-assignment on PATCH for non-admin","status":"failed","title":"blocks cross-assignment on PATCH for non-admin","duration":7.078199999999924,"failureMessages":["AssertionError: expected 400 to be 403 // Object.is equality\n    at D:/Kerjaan/qa-daily/app/__tests__/module-api-route.test.ts:77:29\n    at processTicksAndRejections (node:internal/process/task_queues:103:5)\n    at file:///D:/Kerjaan/qa-daily/node_modules/.pnpm/@vitest+runner@4.1.5/node_modules/@vitest/runner/dist/chunk-artifact.js:1903:20"],"meta":{},"tags":[]},{"ancestorTitles":["module api route"],"fullName":"module api route allows cross-assignment on POST for admin users","status":"passed","title":"allows cross-assignment on POST for admin users","duration":5.341100000000097,"failureMessages":[],"meta":{},"tags":[]}],"startTime":1779079596194,"endTime":1779079596271.341,"status":"failed","message":"","name":"D:/Kerjaan/qa-daily/app/__tests__/module-api-route.test.ts"},{"assertionResults":[{"ancestorTitles":["module route"],"fullName":"module route has configured module paths","status":"passed","title":"has configured module paths","duration":13.013999999999896,"failureMessages":[],"meta":{},"tags":[]},{"ancestorTitles":["module route"],"fullName":"module route passes loaded data and query params to ModuleWorkspace","status":"passed","title":"passes loaded data and query params to ModuleWorkspace","duration":52.09199999999987,"failureMessages":[],"meta":{},"tags":[]},{"ancestorTitles":["module route"],"fullName":"module route loads test suite metadata and row spans","status":"passed","title":"loads test suite metadata and row spans","duration":76.31139999999982,"failureMessages":[],"meta":{},"tags":[]},{"ancestorTitles":["module route"],"fullName":"module route pre-fills deployment version from the latest deployment","status":"passed","title":"pre-fills deployment version from the latest deployment","duration":6.009199999999964,"failureMessages":[],"meta":{},"tags":[]},{"ancestorTitles":["module route"],"fullName":"module route loads related suites for test plans and clamps page overflow","status":"passed","title":"loads related suites for test plans and clamps page overflow","duration":6.429900000000089,"failureMessages":[],"meta":{},"tags":[]},{"ancestorTitles":["module route"],"fullName":"module route limits assignee and developer options to self for non-admin users","status":"passed","title":"limits assignee and developer options to self for non-admin users","duration":5.596799999999803,"failureMessages":[],"meta":{},"tags":[]},{"ancestorTitles":["module route"],"fullName":"module route keeps full assignee options for admin users","status":"passed","title":"keeps full assignee options for admin users","duration":3.6135999999996784,"failureMessages":[],"meta":{},"tags":[]},{"ancestorTitles":["module route"],"fullName":"module route throws notFound for unknown modules","status":"passed","title":"throws notFound for unknown modules","duration":8.437800000000152,"failureMessages":[],"meta":{},"tags":[]}],"startTime":1779079674757,"endTime":1779079674930.4377,"status":"passed","message":"","name":"D:/Kerjaan/qa-daily/app/__tests__/module-route.test.tsx"},{"assertionResults":[{"ancestorTitles":["profile page"],"fullName":"profile page renders the profile form for the current user","status":"passed","title":"renders the profile form for the current user","duration":91.66110000000117,"failureMessages":[],"meta":{},"tags":[]},{"ancestorTitles":["profile page"],"fullName":"profile page redirects anonymous users to login","status":"passed","title":"redirects anonymous users to login","duration":9.895199999999022,"failureMessages":[],"meta":{},"tags":[]}],"startTime":1779079710930,"endTime":1779079711031.8953,"status":"passed","message":"","name":"D:/Kerjaan/qa-daily/app/__tests__/profile-page.test.tsx"},{"assertionResults":[{"ancestorTitles":["project detail page"],"fullName":"project detail page renders project overview from loaded data","status":"passed","title":"renders project overview from loaded data","duration":104.64410000000134,"failureMessages":[],"meta":{},"tags":[]}],"startTime":1779079701995,"endTime":1779079702099.644,"status":"passed","message":"","name":"D:/Kerjaan/qa-daily/app/__tests__/project-page.test.tsx"},{"assertionResults":[{"ancestorTitles":["settings page"],"fullName":"settings page renders the main settings groups and links","status":"passed","title":"renders the main settings groups and links","duration":74.22130000000107,"failureMessages":[],"meta":{},"tags":[]}],"startTime":1779079727021,"endTime":1779079727095.2212,"status":"passed","message":"","name":"D:/Kerjaan/qa-daily/app/__tests__/settings-page.test.tsx"},{"assertionResults":[{"ancestorTitles":["test case detail route"],"fullName":"test case detail route renders the detail page with suite and cases","status":"passed","title":"renders the detail page with suite and cases","duration":49.13830000000007,"failureMessages":[],"meta":{},"tags":[]},{"ancestorTitles":["test case detail route"],"fullName":"test case detail route rejects missing tokens","status":"passed","title":"rejects missing tokens","duration":8.735300000000052,"failureMessages":[],"meta":{},"tags":[]},{"ancestorTitles":["test case detail route"],"fullName":"test case detail route rejects missing suite","status":"passed","title":"rejects missing suite","duration":1.702199999999948,"failureMessages":[],"meta":{},"tags":[]}],"startTime":1779079716944,"endTime":1779079717003.7021,"status":"passed","message":"","name":"D:/Kerjaan/qa-daily/app/__tests__/test-case-detail-page-route.test.tsx"},{"assertionResults":[{"ancestorTitles":["test case detail route"],"fullName":"test case detail route redirects token-based routes","status":"passed","title":"redirects token-based routes","duration":21.219400000000064,"failureMessages":[],"meta":{},"tags":[]},{"ancestorTitles":["test case detail route"],"fullName":"test case detail route rejects missing tokens","status":"passed","title":"rejects missing tokens","duration":2.2848999999999933,"failureMessages":[],"meta":{},"tags":[]}],"startTime":1779079733462,"endTime":1779079733486.285,"status":"passed","message":"","name":"D:/Kerjaan/qa-daily/app/__tests__/test-case-detail-route.test.ts"},{"assertionResults":[{"ancestorTitles":["test cases page"],"fullName":"test cases page renders the library with the parsed search query","status":"passed","title":"renders the library with the parsed search query","duration":56.75560000000041,"failureMessages":[],"meta":{},"tags":[]}],"startTime":1779079740187,"endTime":1779079740243.7556,"status":"passed","message":"","name":"D:/Kerjaan/qa-daily/app/__tests__/test-cases-page.test.tsx"},{"assertionResults":[{"ancestorTitles":["test execution page"],"fullName":"test execution page groups active suites by plan and renders execution groups","status":"failed","title":"groups active suites by plan and renders execution groups","duration":530.8110000000015,"failureMessages":["TypeError: A dynamic import callback was not specified.\n    at importModuleDynamicallyCallback (node:internal/modules/esm/utils:273:9)\n    at eval (eval at getSqlite (D:/Kerjaan/qa-daily/lib/db.ts:39:37), <anonymous>:1:1)\n    at getSqlite (D:/Kerjaan/qa-daily/lib/db.ts:39:37)\n    at queryRaw (D:/Kerjaan/qa-daily/lib/db.ts:68:26)\n    at Object.query (D:/Kerjaan/qa-daily/lib/db.ts:147:12)\n    at processTicksAndRejections (node:internal/process/task_queues:103:5)\n    at Module.TestExecutionPage (D:/Kerjaan/qa-daily/app/test-execution/page.tsx:25:18)\n    at D:/Kerjaan/qa-daily/app/__tests__/test-execution-page.test.tsx:49:21\n    at file:///D:/Kerjaan/qa-daily/node_modules/.pnpm/@vitest+runner@4.1.5/node_modules/@vitest/runner/dist/chunk-artifact.js:1903:20"],"meta":{},"tags":[]}],"startTime":1779079648592,"endTime":1779079649122.811,"status":"failed","message":"","name":"D:/Kerjaan/qa-daily/app/__tests__/test-execution-page.test.tsx"},{"assertionResults":[{"ancestorTitles":["test plan route"],"fullName":"test plan route renders plan details with suites and cases","status":"passed","title":"renders plan details with suites and cases","duration":52.091899999999896,"failureMessages":[],"meta":{},"tags":[]},{"ancestorTitles":["test plan route"],"fullName":"test plan route rejects missing plans","status":"passed","title":"rejects missing plans","duration":8.312599999999975,"failureMessages":[],"meta":{},"tags":[]}],"startTime":1779079714961,"endTime":1779079715022.3125,"status":"passed","message":"","name":"D:/Kerjaan/qa-daily/app/__tests__/test-plan-route.test.tsx"},{"assertionResults":[{"ancestorTitles":["test suite route"],"fullName":"test suite route renders suite details with cases sessions and plan","status":"passed","title":"renders suite details with cases sessions and plan","duration":59.458700000000135,"failureMessages":[],"meta":{},"tags":[]},{"ancestorTitles":["test suite route"],"fullName":"test suite route rejects missing suites","status":"passed","title":"rejects missing suites","duration":9.74200000000019,"failureMessages":[],"meta":{},"tags":[]}],"startTime":1779079716130,"endTime":1779079716199.742,"status":"passed","message":"","name":"D:/Kerjaan/qa-daily/app/__tests__/test-suite-route.test.tsx"},{"assertionResults":[{"ancestorTitles":["users page"],"fullName":"users page renders module workspace for admin users","status":"passed","title":"renders module workspace for admin users","duration":35.36779999999999,"failureMessages":[],"meta":{},"tags":[]},{"ancestorTitles":["users page"],"fullName":"users page redirects non-admin users","status":"passed","title":"redirects non-admin users","duration":6.019800000001851,"failureMessages":[],"meta":{},"tags":[]}],"startTime":1779079742956,"endTime":1779079742997.0198,"status":"passed","message":"","name":"D:/Kerjaan/qa-daily/app/__tests__/users-page.test.tsx"},{"assertionResults":[{"ancestorTitles":["weekly report page"],"fullName":"weekly report page renders loading state and then the error fallback without a token","status":"passed","title":"renders loading state and then the error fallback without a token","duration":92.33050000000003,"failureMessages":[],"meta":{},"tags":[]}],"startTime":1779079715728,"endTime":1779079715820.3306,"status":"passed","message":"","name":"D:/Kerjaan/qa-daily/app/__tests__/weekly-report-page.test.tsx"},{"assertionResults":[{"ancestorTitles":["CopyLinkButton"],"fullName":"CopyLinkButton renders Link icon by default","status":"passed","title":"renders Link icon by default","duration":246.58299999999872,"failureMessages":[],"meta":{},"tags":[]},{"ancestorTitles":["CopyLinkButton"],"fullName":"CopyLinkButton clipboard write is called with correct URL on click","status":"passed","title":"clipboard write is called with correct URL on click","duration":1045.7209999999995,"failureMessages":[],"meta":{},"tags":[]},{"ancestorTitles":["CopyLinkButton"],"fullName":"CopyLinkButton icon changes to Check on successful copy","status":"passed","title":"icon changes to Check on successful copy","duration":130.88720000000103,"failureMessages":[],"meta":{},"tags":[]},{"ancestorTitles":["CopyLinkButton"],"fullName":"CopyLinkButton shows success toast on successful copy","status":"passed","title":"shows success toast on successful copy","duration":86.66610000000037,"failureMessages":[],"meta":{},"tags":[]},{"ancestorTitles":["CopyLinkButton"],"fullName":"CopyLinkButton shows error toast when clipboard API fails","status":"passed","title":"shows error toast when clipboard API fails","duration":112.59450000000106,"failureMessages":[],"meta":{},"tags":[]},{"ancestorTitles":["CopyLinkButton"],"fullName":"CopyLinkButton has correct aria-label when not copied","status":"passed","title":"has correct aria-label when not copied","duration":71.55799999999908,"failureMessages":[],"meta":{},"tags":[]},{"ancestorTitles":["CopyLinkButton"],"fullName":"CopyLinkButton has correct aria-label after successful copy","status":"passed","title":"has correct aria-label after successful copy","duration":121.8755000000001,"failureMessages":[],"meta":{},"tags":[]}],"startTime":1779079630264,"endTime":1779079632081.8755,"status":"passed","message":"","name":"D:/Kerjaan/qa-daily/components/__tests__/copy-link-button.test.tsx"},{"assertionResults":[{"ancestorTitles":["ResolutionRateMetric in Dashboard"],"fullName":"ResolutionRateMetric in Dashboard displays resolution rate as integer percentage with % suffix","status":"passed","title":"displays resolution rate as integer percentage with % suffix","duration":371.4464000000007,"failureMessages":[],"meta":{},"tags":[]},{"ancestorTitles":["ResolutionRateMetric in Dashboard"],"fullName":"ResolutionRateMetric in Dashboard shows N/A when rate is null (created count is zero)","status":"passed","title":"shows N/A when rate is null (created count is zero)","duration":39.42409999999654,"failureMessages":[],"meta":{},"tags":[]},{"ancestorTitles":["ResolutionRateMetric in Dashboard"],"fullName":"ResolutionRateMetric in Dashboard applies amber color (text-amber-500) when rate < 70%","status":"passed","title":"applies amber color (text-amber-500) when rate < 70%","duration":55.964599999999336,"failureMessages":[],"meta":{},"tags":[]},{"ancestorTitles":["ResolutionRateMetric in Dashboard"],"fullName":"ResolutionRateMetric in Dashboard applies emerald color (text-emerald-500) when rate >= 70%","status":"passed","title":"applies emerald color (text-emerald-500) when rate >= 70%","duration":37.749400000000605,"failureMessages":[],"meta":{},"tags":[]},{"ancestorTitles":["ResolutionRateMetric in Dashboard"],"fullName":"ResolutionRateMetric in Dashboard applies emerald color at exactly 70%","status":"passed","title":"applies emerald color at exactly 70%","duration":47.663000000000466,"failureMessages":[],"meta":{},"tags":[]},{"ancestorTitles":["ResolutionRateMetric in Dashboard"],"fullName":"ResolutionRateMetric in Dashboard displays positive delta as +X","status":"failed","title":"displays positive delta as +X","duration":142.76370000000315,"failureMessages":["AssertionError: expected '<div id=\"dashboard-density-container\"…' to contain 'pp vs last week'\n    at D:/Kerjaan/qa-daily/components/__tests__/dashboard.test.tsx:103:18\n    at file:///D:/Kerjaan/qa-daily/node_modules/.pnpm/@vitest+runner@4.1.5/node_modules/@vitest/runner/dist/chunk-artifact.js:302:11\n    at file:///D:/Kerjaan/qa-daily/node_modules/.pnpm/@vitest+runner@4.1.5/node_modules/@vitest/runner/dist/chunk-artifact.js:1903:26\n    at file:///D:/Kerjaan/qa-daily/node_modules/.pnpm/@vitest+runner@4.1.5/node_modules/@vitest/runner/dist/chunk-artifact.js:2326:20\n    at new Promise (<anonymous>)\n    at runWithCancel (file:///D:/Kerjaan/qa-daily/node_modules/.pnpm/@vitest+runner@4.1.5/node_modules/@vitest/runner/dist/chunk-artifact.js:2323:10)\n    at file:///D:/Kerjaan/qa-daily/node_modules/.pnpm/@vitest+runner@4.1.5/node_modules/@vitest/runner/dist/chunk-artifact.js:2305:20\n    at new Promise (<anonymous>)\n    at runWithTimeout (file:///D:/Kerjaan/qa-daily/node_modules/.pnpm/@vitest+runner@4.1.5/node_modules/@vitest/runner/dist/chunk-artifact.js:2272:10)\n    at file:///D:/Kerjaan/qa-daily/node_modules/.pnpm/@vitest+runner@4.1.5/node_modules/@vitest/runner/dist/chunk-artifact.js:2955:64"],"meta":{},"tags":[]},{"ancestorTitles":["ResolutionRateMetric in Dashboard"],"fullName":"ResolutionRateMetric in Dashboard displays negative delta with minus sign (−X)","status":"failed","title":"displays negative delta with minus sign (−X)","duration":108.37930000000051,"failureMessages":["AssertionError: expected '<div id=\"dashboard-density-container\"…' to contain 'pp vs last week'\n    at D:/Kerjaan/qa-daily/components/__tests__/dashboard.test.tsx:112:18\n    at file:///D:/Kerjaan/qa-daily/node_modules/.pnpm/@vitest+runner@4.1.5/node_modules/@vitest/runner/dist/chunk-artifact.js:302:11\n    at file:///D:/Kerjaan/qa-daily/node_modules/.pnpm/@vitest+runner@4.1.5/node_modules/@vitest/runner/dist/chunk-artifact.js:1903:26\n    at file:///D:/Kerjaan/qa-daily/node_modules/.pnpm/@vitest+runner@4.1.5/node_modules/@vitest/runner/dist/chunk-artifact.js:2326:20\n    at new Promise (<anonymous>)\n    at runWithCancel (file:///D:/Kerjaan/qa-daily/node_modules/.pnpm/@vitest+runner@4.1.5/node_modules/@vitest/runner/dist/chunk-artifact.js:2323:10)\n    at file:///D:/Kerjaan/qa-daily/node_modules/.pnpm/@vitest+runner@4.1.5/node_modules/@vitest/runner/dist/chunk-artifact.js:2305:20\n    at new Promise (<anonymous>)\n    at runWithTimeout (file:///D:/Kerjaan/qa-daily/node_modules/.pnpm/@vitest+runner@4.1.5/node_modules/@vitest/runner/dist/chunk-artifact.js:2272:10)\n    at file:///D:/Kerjaan/qa-daily/node_modules/.pnpm/@vitest+runner@4.1.5/node_modules/@vitest/runner/dist/chunk-artifact.js:2955:64"],"meta":{},"tags":[]},{"ancestorTitles":["ResolutionRateMetric in Dashboard"],"fullName":"ResolutionRateMetric in Dashboard displays zero delta as +0","status":"passed","title":"displays zero delta as +0","duration":63.966700000004494,"failureMessages":[],"meta":{},"tags":[]},{"ancestorTitles":["ResolutionRateMetric in Dashboard"],"fullName":"ResolutionRateMetric in Dashboard omits delta display when delta is null","status":"passed","title":"omits delta display when delta is null","duration":58.23359999999957,"failureMessages":[],"meta":{},"tags":[]},{"ancestorTitles":["ResolutionRateMetric in Dashboard"],"fullName":"ResolutionRateMetric in Dashboard does not render when resolutionRate prop is undefined","status":"passed","title":"does not render when resolutionRate prop is undefined","duration":64.36079999999492,"failureMessages":[],"meta":{},"tags":[]},{"ancestorTitles":["Dashboard"],"fullName":"Dashboard renders dashboard headers and metric cards","status":"passed","title":"renders dashboard headers and metric cards","duration":274.9349000000002,"failureMessages":[],"meta":{},"tags":[]}],"startTime":1779079650250,"endTime":1779079651524.9348,"status":"failed","message":"","name":"D:/Kerjaan/qa-daily/components/__tests__/dashboard.test.tsx"},{"assertionResults":[{"ancestorTitles":["ExecutionView"],"fullName":"ExecutionView renders execution controls and test case list","status":"failed","title":"renders execution controls and test case list","duration":390.2419000000009,"failureMessages":["AssertionError: expected '<div class=\"mx-auto max-w-7xl px-4 py…' to contain 'Finish Session'\n    at D:/Kerjaan/qa-daily/components/__tests__/execution-view.test.tsx:72:18\n    at file:///D:/Kerjaan/qa-daily/node_modules/.pnpm/@vitest+runner@4.1.5/node_modules/@vitest/runner/dist/chunk-artifact.js:302:11\n    at file:///D:/Kerjaan/qa-daily/node_modules/.pnpm/@vitest+runner@4.1.5/node_modules/@vitest/runner/dist/chunk-artifact.js:1903:26\n    at file:///D:/Kerjaan/qa-daily/node_modules/.pnpm/@vitest+runner@4.1.5/node_modules/@vitest/runner/dist/chunk-artifact.js:2326:20\n    at new Promise (<anonymous>)\n    at runWithCancel (file:///D:/Kerjaan/qa-daily/node_modules/.pnpm/@vitest+runner@4.1.5/node_modules/@vitest/runner/dist/chunk-artifact.js:2323:10)\n    at file:///D:/Kerjaan/qa-daily/node_modules/.pnpm/@vitest+runner@4.1.5/node_modules/@vitest/runner/dist/chunk-artifact.js:2305:20\n    at new Promise (<anonymous>)\n    at runWithTimeout (file:///D:/Kerjaan/qa-daily/node_modules/.pnpm/@vitest+runner@4.1.5/node_modules/@vitest/runner/dist/chunk-artifact.js:2272:10)\n    at file:///D:/Kerjaan/qa-daily/node_modules/.pnpm/@vitest+runner@4.1.5/node_modules/@vitest/runner/dist/chunk-artifact.js:2955:64"],"meta":{},"tags":[]}],"startTime":1779079650300,"endTime":1779079650690.242,"status":"failed","message":"","name":"D:/Kerjaan/qa-daily/components/__tests__/execution-view.test.tsx"},{"assertionResults":[{"ancestorTitles":["GlobalSearch"],"fullName":"GlobalSearch renders the search trigger","status":"passed","title":"renders the search trigger","duration":25.110200000000987,"failureMessages":[],"meta":{},"tags":[]}],"startTime":1779079750583,"endTime":1779079750608.11,"status":"passed","message":"","name":"D:/Kerjaan/qa-daily/components/__tests__/global-search.test.tsx"},{"assertionResults":[{"ancestorTitles":["KanbanBoard"],"fullName":"KanbanBoard groups rows by Status fallback key","status":"passed","title":"groups rows by Status fallback key","duration":103.55169999999998,"failureMessages":[],"meta":{},"tags":[]}],"startTime":1779079712469,"endTime":1779079712572.5518,"status":"passed","message":"","name":"D:/Kerjaan/qa-daily/components/__tests__/kanban-board.test.tsx"},{"assertionResults":[{"ancestorTitles":["ViewModal - initialTab prop"],"fullName":"ViewModal - initialTab prop renders without initialTab prop (uses default)","status":"passed","title":"renders without initialTab prop (uses default)","duration":1382.485200000001,"failureMessages":[],"meta":{},"tags":[]},{"ancestorTitles":["ViewModal - initialTab prop"],"fullName":"ViewModal - initialTab prop renders with valid initialTab prop","status":"passed","title":"renders with valid initialTab prop","duration":178.23400000000038,"failureMessages":[],"meta":{},"tags":[]},{"ancestorTitles":["ViewModal - initialTab prop"],"fullName":"ViewModal - initialTab prop silently ignores invalid initialTab and uses default","status":"passed","title":"silently ignores invalid initialTab and uses default","duration":145.33849999999984,"failureMessages":[],"meta":{},"tags":[]},{"ancestorTitles":["ViewModal - initialTab prop"],"fullName":"ViewModal - initialTab prop silently ignores null initialTab and uses default","status":"passed","title":"silently ignores null initialTab and uses default","duration":118.0611000000008,"failureMessages":[],"meta":{},"tags":[]},{"ancestorTitles":["ViewModal - initialTab prop"],"fullName":"ViewModal - initialTab prop accepts onTabChange callback without error","status":"passed","title":"accepts onTabChange callback without error","duration":146.6905000000006,"failureMessages":[],"meta":{},"tags":[]},{"ancestorTitles":["ViewModal - initialTab prop"],"fullName":"ViewModal - initialTab prop does not break existing modal functionality","status":"passed","title":"does not break existing modal functionality","duration":218.4956999999995,"failureMessages":[],"meta":{},"tags":[]}],"startTime":1779079608618,"endTime":1779079610808.4956,"status":"passed","message":"","name":"D:/Kerjaan/qa-daily/components/__tests__/module-view-modal-tab.test.tsx"},{"assertionResults":[{"ancestorTitles":["ModuleWorkspace splits"],"fullName":"ModuleWorkspace splits renders table empty state safely","status":"passed","title":"renders table empty state safely","duration":57.262299999998504,"failureMessages":[],"meta":{},"tags":[]},{"ancestorTitles":["ModuleWorkspace splits"],"fullName":"ModuleWorkspace splits renders delete and reopen modals when open","status":"passed","title":"renders delete and reopen modals when open","duration":13.047899999997753,"failureMessages":[],"meta":{},"tags":[]}],"startTime":1779079688868,"endTime":1779079688939.0479,"status":"passed","message":"","name":"D:/Kerjaan/qa-daily/components/__tests__/module-workspace-splits.test.tsx"},{"assertionResults":[{"ancestorTitles":["module-workspace-url"],"fullName":"module-workspace-url builds URL without query when params are empty","status":"passed","title":"builds URL without query when params are empty","duration":9.263499999999908,"failureMessages":[],"meta":{},"tags":[]},{"ancestorTitles":["module-workspace-url"],"fullName":"module-workspace-url builds URL with query when params exist","status":"passed","title":"builds URL with query when params exist","duration":1.5481999999999516,"failureMessages":[],"meta":{},"tags":[]},{"ancestorTitles":["module-workspace-url"],"fullName":"module-workspace-url updates search params while preserving unrelated values","status":"passed","title":"updates search params while preserving unrelated values","duration":1.3478999999999814,"failureMessages":[],"meta":{},"tags":[]},{"ancestorTitles":["module-workspace-url"],"fullName":"module-workspace-url can remove search filters cleanly","status":"passed","title":"can remove search filters cleanly","duration":1.2576999999999998,"failureMessages":[],"meta":{},"tags":[]}],"startTime":1779079738622,"endTime":1779079738635.2578,"status":"passed","message":"","name":"D:/Kerjaan/qa-daily/components/__tests__/module-workspace-url.test.ts"},{"assertionResults":[{"ancestorTitles":["ModuleWorkspace smoke"],"fullName":"ModuleWorkspace smoke keeps QA role read-only for user management","status":"passed","title":"keeps QA role read-only for user management","duration":152.056700000001,"failureMessages":[],"meta":{},"tags":[]},{"ancestorTitles":["ModuleWorkspace smoke"],"fullName":"ModuleWorkspace smoke shows edit actions but not delete for assignable roles","status":"passed","title":"shows edit actions but not delete for assignable roles","duration":34.33179999999993,"failureMessages":[],"meta":{},"tags":[]},{"ancestorTitles":["ModuleWorkspace smoke"],"fullName":"ModuleWorkspace smoke renders long role labels in the users table","status":"passed","title":"renders long role labels in the users table","duration":44.310199999999895,"failureMessages":[],"meta":{},"tags":[]}],"startTime":1779079685751,"endTime":1779079685983.3103,"status":"passed","message":"","name":"D:/Kerjaan/qa-daily/components/__tests__/module-workspace.test.tsx"},{"assertionResults":[{"ancestorTitles":["QualityHealthScore","rendering"],"fullName":"QualityHealthScore rendering does not render when qualityHealthScore prop is undefined","status":"passed","title":"does not render when qualityHealthScore prop is undefined","duration":189.1359999999986,"failureMessages":[],"meta":{},"tags":[]},{"ancestorTitles":["QualityHealthScore","rendering"],"fullName":"QualityHealthScore rendering renders circular progress indicator with score","status":"passed","title":"renders circular progress indicator with score","duration":5.230899999995017,"failureMessages":[],"meta":{},"tags":[]},{"ancestorTitles":["QualityHealthScore","rendering"],"fullName":"QualityHealthScore rendering renders SVG circle elements for progress indicator","status":"passed","title":"renders SVG circle elements for progress indicator","duration":3.408400000000256,"failureMessages":[],"meta":{},"tags":[]},{"ancestorTitles":["QualityHealthScore","color bands"],"fullName":"QualityHealthScore color bands applies red color when score < 50","status":"passed","title":"applies red color when score < 50","duration":3.3585999999995693,"failureMessages":[],"meta":{},"tags":[]},{"ancestorTitles":["QualityHealthScore","color bands"],"fullName":"QualityHealthScore color bands applies red color at score 0","status":"passed","title":"applies red color at score 0","duration":3.226600000001781,"failureMessages":[],"meta":{},"tags":[]},{"ancestorTitles":["QualityHealthScore","color bands"],"fullName":"QualityHealthScore color bands applies red color at score 49","status":"passed","title":"applies red color at score 49","duration":2.7079000000012456,"failureMessages":[],"meta":{},"tags":[]},{"ancestorTitles":["QualityHealthScore","color bands"],"fullName":"QualityHealthScore color bands applies amber color when score is 50","status":"passed","title":"applies amber color when score is 50","duration":2.3425999999963096,"failureMessages":[],"meta":{},"tags":[]},{"ancestorTitles":["QualityHealthScore","color bands"],"fullName":"QualityHealthScore color bands applies amber color when score is 74","status":"passed","title":"applies amber color when score is 74","duration":2.396200000002864,"failureMessages":[],"meta":{},"tags":[]},{"ancestorTitles":["QualityHealthScore","color bands"],"fullName":"QualityHealthScore color bands applies emerald color when score is 75","status":"passed","title":"applies emerald color when score is 75","duration":5.759299999997893,"failureMessages":[],"meta":{},"tags":[]},{"ancestorTitles":["QualityHealthScore","color bands"],"fullName":"QualityHealthScore color bands applies emerald color when score is 100","status":"passed","title":"applies emerald color when score is 100","duration":3.675099999993108,"failureMessages":[],"meta":{},"tags":[]},{"ancestorTitles":["QualityHealthScore","null component handling"],"fullName":"QualityHealthScore null component handling displays score as 0 when all inputs are null","status":"passed","title":"displays score as 0 when all inputs are null","duration":3.228900000001886,"failureMessages":[],"meta":{},"tags":[]},{"ancestorTitles":["QualityHealthScore","null component handling"],"fullName":"QualityHealthScore null component handling renders with partial null components","status":"passed","title":"renders with partial null components","duration":2.314299999998184,"failureMessages":[],"meta":{},"tags":[]},{"ancestorTitles":["QualityHealthScore","getScoreColor helper"],"fullName":"QualityHealthScore getScoreColor helper returns red for scores below 50","status":"passed","title":"returns red for scores below 50","duration":1.5084999999962747,"failureMessages":[],"meta":{},"tags":[]},{"ancestorTitles":["QualityHealthScore","getScoreColor helper"],"fullName":"QualityHealthScore getScoreColor helper returns amber for scores 50–74","status":"passed","title":"returns amber for scores 50–74","duration":0.8764999999984866,"failureMessages":[],"meta":{},"tags":[]},{"ancestorTitles":["QualityHealthScore","getScoreColor helper"],"fullName":"QualityHealthScore getScoreColor helper returns emerald for scores 75+","status":"passed","title":"returns emerald for scores 75+","duration":1.0345000000015716,"failureMessages":[],"meta":{},"tags":[]},{"ancestorTitles":["QualityHealthScore","getTooltipText helper"],"fullName":"QualityHealthScore getTooltipText helper returns 'No data available' when all components are null","status":"passed","title":"returns 'No data available' when all components are null","duration":0.7756999999983236,"failureMessages":[],"meta":{},"tags":[]},{"ancestorTitles":["QualityHealthScore","getTooltipText helper"],"fullName":"QualityHealthScore getTooltipText helper returns missing metrics list when some components are null","status":"passed","title":"returns missing metrics list when some components are null","duration":0.7573999999949592,"failureMessages":[],"meta":{},"tags":[]},{"ancestorTitles":["QualityHealthScore","getTooltipText helper"],"fullName":"QualityHealthScore getTooltipText helper returns single missing metric","status":"passed","title":"returns single missing metric","duration":0.6647999999986496,"failureMessages":[],"meta":{},"tags":[]},{"ancestorTitles":["QualityHealthScore","getTooltipText helper"],"fullName":"QualityHealthScore getTooltipText helper returns null when all components have values","status":"passed","title":"returns null when all components have values","duration":0.9873000000006869,"failureMessages":[],"meta":{},"tags":[]},{"ancestorTitles":["QualityHealthScore","getTooltipText helper"],"fullName":"QualityHealthScore getTooltipText helper lists resolution rate when it is null","status":"passed","title":"lists resolution rate when it is null","duration":0.7569000000003143,"failureMessages":[],"meta":{},"tags":[]},{"ancestorTitles":["QualityHealthScore","integration with Dashboard"],"fullName":"QualityHealthScore integration with Dashboard renders QualityHealthScore in the WeekPulse section","status":"passed","title":"renders QualityHealthScore in the WeekPulse section","duration":30.334700000006706,"failureMessages":[],"meta":{},"tags":[]},{"ancestorTitles":["QualityHealthScore","integration with Dashboard"],"fullName":"QualityHealthScore integration with Dashboard does not render QualityHealthScore section when prop is undefined","status":"passed","title":"does not render QualityHealthScore section when prop is undefined","duration":29.468800000002375,"failureMessages":[],"meta":{},"tags":[]}],"startTime":1779079679249,"endTime":1779079679549.4688,"status":"passed","message":"","name":"D:/Kerjaan/qa-daily/components/__tests__/quality-health-score.test.tsx"},{"assertionResults":[{"ancestorTitles":["ResolutionRateMetric"],"fullName":"ResolutionRateMetric displays resolution rate as integer percentage with % suffix","status":"passed","title":"displays resolution rate as integer percentage with % suffix","duration":368.4531999999963,"failureMessages":[],"meta":{},"tags":[]},{"ancestorTitles":["ResolutionRateMetric"],"fullName":"ResolutionRateMetric shows N/A when rate is null (created count is zero)","status":"passed","title":"shows N/A when rate is null (created count is zero)","duration":37.07519999999931,"failureMessages":[],"meta":{},"tags":[]},{"ancestorTitles":["ResolutionRateMetric"],"fullName":"ResolutionRateMetric applies amber color when rate < 70%","status":"passed","title":"applies amber color when rate < 70%","duration":48.6788000000015,"failureMessages":[],"meta":{},"tags":[]},{"ancestorTitles":["ResolutionRateMetric"],"fullName":"ResolutionRateMetric applies emerald color when rate >= 70%","status":"passed","title":"applies emerald color when rate >= 70%","duration":44.29460000000108,"failureMessages":[],"meta":{},"tags":[]},{"ancestorTitles":["ResolutionRateMetric"],"fullName":"ResolutionRateMetric applies emerald color at exactly 70%","status":"passed","title":"applies emerald color at exactly 70%","duration":36.08299999999872,"failureMessages":[],"meta":{},"tags":[]},{"ancestorTitles":["ResolutionRateMetric"],"fullName":"ResolutionRateMetric displays positive delta as +X","status":"failed","title":"displays positive delta as +X","duration":135.52550000000338,"failureMessages":["AssertionError: expected '<div id=\"dashboard-density-container\"…' to contain 'pp vs last week'\n    at D:/Kerjaan/qa-daily/components/__tests__/resolution-rate-metric.test.tsx:129:18\n    at file:///D:/Kerjaan/qa-daily/node_modules/.pnpm/@vitest+runner@4.1.5/node_modules/@vitest/runner/dist/chunk-artifact.js:302:11\n    at file:///D:/Kerjaan/qa-daily/node_modules/.pnpm/@vitest+runner@4.1.5/node_modules/@vitest/runner/dist/chunk-artifact.js:1903:26\n    at file:///D:/Kerjaan/qa-daily/node_modules/.pnpm/@vitest+runner@4.1.5/node_modules/@vitest/runner/dist/chunk-artifact.js:2326:20\n    at new Promise (<anonymous>)\n    at runWithCancel (file:///D:/Kerjaan/qa-daily/node_modules/.pnpm/@vitest+runner@4.1.5/node_modules/@vitest/runner/dist/chunk-artifact.js:2323:10)\n    at file:///D:/Kerjaan/qa-daily/node_modules/.pnpm/@vitest+runner@4.1.5/node_modules/@vitest/runner/dist/chunk-artifact.js:2305:20\n    at new Promise (<anonymous>)\n    at runWithTimeout (file:///D:/Kerjaan/qa-daily/node_modules/.pnpm/@vitest+runner@4.1.5/node_modules/@vitest/runner/dist/chunk-artifact.js:2272:10)\n    at file:///D:/Kerjaan/qa-daily/node_modules/.pnpm/@vitest+runner@4.1.5/node_modules/@vitest/runner/dist/chunk-artifact.js:2955:64"],"meta":{},"tags":[]},{"ancestorTitles":["ResolutionRateMetric"],"fullName":"ResolutionRateMetric displays negative delta with minus sign (−)","status":"failed","title":"displays negative delta with minus sign (−)","duration":109.50249999999505,"failureMessages":["AssertionError: expected '<div id=\"dashboard-density-container\"…' to contain 'pp vs last week'\n    at D:/Kerjaan/qa-daily/components/__tests__/resolution-rate-metric.test.tsx:141:18\n    at file:///D:/Kerjaan/qa-daily/node_modules/.pnpm/@vitest+runner@4.1.5/node_modules/@vitest/runner/dist/chunk-artifact.js:302:11\n    at file:///D:/Kerjaan/qa-daily/node_modules/.pnpm/@vitest+runner@4.1.5/node_modules/@vitest/runner/dist/chunk-artifact.js:1903:26\n    at file:///D:/Kerjaan/qa-daily/node_modules/.pnpm/@vitest+runner@4.1.5/node_modules/@vitest/runner/dist/chunk-artifact.js:2326:20\n    at new Promise (<anonymous>)\n    at runWithCancel (file:///D:/Kerjaan/qa-daily/node_modules/.pnpm/@vitest+runner@4.1.5/node_modules/@vitest/runner/dist/chunk-artifact.js:2323:10)\n    at file:///D:/Kerjaan/qa-daily/node_modules/.pnpm/@vitest+runner@4.1.5/node_modules/@vitest/runner/dist/chunk-artifact.js:2305:20\n    at new Promise (<anonymous>)\n    at runWithTimeout (file:///D:/Kerjaan/qa-daily/node_modules/.pnpm/@vitest+runner@4.1.5/node_modules/@vitest/runner/dist/chunk-artifact.js:2272:10)\n    at file:///D:/Kerjaan/qa-daily/node_modules/.pnpm/@vitest+runner@4.1.5/node_modules/@vitest/runner/dist/chunk-artifact.js:2955:64"],"meta":{},"tags":[]},{"ancestorTitles":["ResolutionRateMetric"],"fullName":"ResolutionRateMetric omits delta display when delta is null","status":"passed","title":"omits delta display when delta is null","duration":35.688600000001315,"failureMessages":[],"meta":{},"tags":[]},{"ancestorTitles":["ResolutionRateMetric"],"fullName":"ResolutionRateMetric does not render when resolutionRate prop is undefined","status":"passed","title":"does not render when resolutionRate prop is undefined","duration":50.76630000000296,"failureMessages":[],"meta":{},"tags":[]}],"startTime":1779079650242,"endTime":1779079651112.7664,"status":"failed","message":"","name":"D:/Kerjaan/qa-daily/components/__tests__/resolution-rate-metric.test.tsx"},{"assertionResults":[{"ancestorTitles":["Sidebar"],"fullName":"Sidebar marks test execution active for execution detail routes","status":"passed","title":"marks test execution active for execution detail routes","duration":105.16010000000097,"failureMessages":[],"meta":{},"tags":[]}],"startTime":1779079732305,"endTime":1779079732410.1602,"status":"passed","message":"","name":"D:/Kerjaan/qa-daily/components/__tests__/sidebar.test.tsx"},{"assertionResults":[{"ancestorTitles":["SuiteDetail"],"fullName":"SuiteDetail renders suite summary and execution links","status":"passed","title":"renders suite summary and execution links","duration":93.12670000000071,"failureMessages":[],"meta":{},"tags":[]}],"startTime":1779079733065,"endTime":1779079733158.1267,"status":"passed","message":"","name":"D:/Kerjaan/qa-daily/components/__tests__/suite-detail.test.tsx"},{"assertionResults":[{"ancestorTitles":["TestCaseDetailEditor"],"fullName":"TestCaseDetailEditor renders existing rows and detail controls","status":"passed","title":"renders existing rows and detail controls","duration":102.46470000000045,"failureMessages":[],"meta":{},"tags":[]},{"ancestorTitles":["TestCaseDetailEditor"],"fullName":"TestCaseDetailEditor shows save while editing and delete after commit","status":"passed","title":"shows save while editing and delete after commit","duration":25.06300000000192,"failureMessages":[],"meta":{},"tags":[]},{"ancestorTitles":["TestCaseDetailEditor"],"fullName":"TestCaseDetailEditor applies full-cell tone fills","status":"passed","title":"applies full-cell tone fills","duration":8.579499999999825,"failureMessages":[],"meta":{},"tags":[]}],"startTime":1779079704451,"endTime":1779079704588.5796,"status":"passed","message":"","name":"D:/Kerjaan/qa-daily/components/__tests__/test-case-detail-editor.test.tsx"},{"assertionResults":[{"ancestorTitles":["TestCaseDetailPage"],"fullName":"TestCaseDetailPage renders the execution page shell","status":"passed","title":"renders the execution page shell","duration":65.01430000000255,"failureMessages":[],"meta":{},"tags":[]}],"startTime":1779079740873,"endTime":1779079740938.0144,"status":"passed","message":"","name":"D:/Kerjaan/qa-daily/components/__tests__/test-case-detail-page.test.tsx"},{"assertionResults":[{"ancestorTitles":["TestCaseLibrary menu"],"fullName":"TestCaseLibrary menu closes the three-dot menu when clicking outside","status":"passed","title":"closes the three-dot menu when clicking outside","duration":2218.5548,"failureMessages":[],"meta":{},"tags":[]}],"startTime":1779079615286,"endTime":1779079617504.5547,"status":"passed","message":"","name":"D:/Kerjaan/qa-daily/components/__tests__/test-case-library-menu.test.tsx"},{"assertionResults":[{"ancestorTitles":["TestCaseLibrary"],"fullName":"TestCaseLibrary groups cases by suite and renders the default selected suite","status":"passed","title":"groups cases by suite and renders the default selected suite","duration":128.01120000000083,"failureMessages":[],"meta":{},"tags":[]}],"startTime":1779079710613,"endTime":1779079710741.0112,"status":"passed","message":"","name":"D:/Kerjaan/qa-daily/components/__tests__/test-case-library.test.tsx"},{"assertionResults":[{"ancestorTitles":["TestPlanDetail"],"fullName":"TestPlanDetail renders plan summary and suite actions","status":"passed","title":"renders plan summary and suite actions","duration":87.73019999999815,"failureMessages":[],"meta":{},"tags":[]}],"startTime":1779079718603,"endTime":1779079718690.7302,"status":"passed","message":"","name":"D:/Kerjaan/qa-daily/components/__tests__/test-plan-detail.test.tsx"},{"assertionResults":[{"ancestorTitles":["toast"],"fullName":"toast deduplicates identical toasts while the first one is still visible","status":"passed","title":"deduplicates identical toasts while the first one is still visible","duration":250.26889999999548,"failureMessages":[],"meta":{},"tags":[]},{"ancestorTitles":["toast"],"fullName":"toast allows the same toast again after the first one disappears","status":"passed","title":"allows the same toast again after the first one disappears","duration":53.48489999999583,"failureMessages":[],"meta":{},"tags":[]}],"startTime":1779079672386,"endTime":1779079672689.4849,"status":"passed","message":"","name":"D:/Kerjaan/qa-daily/components/__tests__/toast.test.tsx"},{"assertionResults":[{"ancestorTitles":["auth-core"],"fullName":"auth-core normalizes roles and admin detection","status":"passed","title":"normalizes roles and admin detection","duration":24.112400000000207,"failureMessages":[],"meta":{},"tags":[]},{"ancestorTitles":["auth-core"],"fullName":"auth-core detects auth config availability","status":"passed","title":"detects auth config availability","duration":3.371599999999944,"failureMessages":[],"meta":{},"tags":[]},{"ancestorTitles":["auth-core"],"fullName":"auth-core hashes passwords with scrypt and verifies them","status":"passed","title":"hashes passwords with scrypt and verifies them","duration":1185.8420999999998,"failureMessages":[],"meta":{},"tags":[]},{"ancestorTitles":["auth-core"],"fullName":"auth-core accepts legacy password hashes for compatibility","status":"passed","title":"accepts legacy password hashes for compatibility","duration":6.192399999999907,"failureMessages":[],"meta":{},"tags":[]},{"ancestorTitles":["auth-core"],"fullName":"auth-core creates and verifies session tokens","status":"passed","title":"creates and verifies session tokens","duration":38.26440000000002,"failureMessages":[],"meta":{},"tags":[]},{"ancestorTitles":["auth-core"],"fullName":"auth-core validates credentials and upgrades legacy password hashes","status":"passed","title":"validates credentials and upgrades legacy password hashes","duration":356.36979999999994,"failureMessages":[],"meta":{},"tags":[]},{"ancestorTitles":["auth-core"],"fullName":"auth-core registers users and maps unique errors","status":"passed","title":"registers users and maps unique errors","duration":654.0379000000003,"failureMessages":[],"meta":{},"tags":[]},{"ancestorTitles":["auth-core"],"fullName":"auth-core exposes the cookie name","status":"passed","title":"exposes the cookie name","duration":2.146400000000085,"failureMessages":[],"meta":{},"tags":[]}],"startTime":1779079612499,"endTime":1779079614774.1465,"status":"passed","message":"","name":"D:/Kerjaan/qa-daily/lib/__tests__/auth-core.test.ts"},{"assertionResults":[{"ancestorTitles":["data helpers"],"fullName":"data helpers maps module keys to tables","status":"passed","title":"maps module keys to tables","duration":36.20759999999973,"failureMessages":[],"meta":{},"tags":[]},{"ancestorTitles":["data helpers"],"fullName":"data helpers normalizes row variants used by the app","status":"passed","title":"normalizes row variants used by the app","duration":22.3783999999996,"failureMessages":[],"meta":{},"tags":[]},{"ancestorTitles":["data helpers"],"fullName":"data helpers generates a stable public token","status":"passed","title":"generates a stable public token","duration":4.923699999999371,"failureMessages":[],"meta":{},"tags":[]},{"ancestorTitles":["module data access"],"fullName":"module data access loads token-based plan and suite data","status":"passed","title":"loads token-based plan and suite data","duration":37.8149999999996,"failureMessages":[],"meta":{},"tags":[]},{"ancestorTitles":["module data access"],"fullName":"module data access creates and updates tasks with activity logs","status":"passed","title":"creates and updates tasks with activity logs","duration":12.042600000000675,"failureMessages":[],"meta":{},"tags":[]},{"ancestorTitles":["module data access"],"fullName":"module data access updates bugs and assignees and sprints","status":"passed","title":"updates bugs and assignees and sprints","duration":3.3989000000001397,"failureMessages":[],"meta":{},"tags":[]},{"ancestorTitles":["module data access"],"fullName":"module data access updates users with and without passwords","status":"passed","title":"updates users with and without passwords","duration":11.090400000000045,"failureMessages":[],"meta":{},"tags":[]},{"ancestorTitles":["module data access"],"fullName":"module data access soft deletes archived tables","status":"passed","title":"soft deletes archived tables","duration":3.716599999999744,"failureMessages":[],"meta":{},"tags":[]},{"ancestorTitles":["module data access"],"fullName":"module data access hard deletes non-archived tables and soft deletes notes/suites/cases","status":"passed","title":"hard deletes non-archived tables and soft deletes notes/suites/cases","duration":3.777299999999741,"failureMessages":[],"meta":{},"tags":[]},{"ancestorTitles":["module data access"],"fullName":"module data access creates test plans and syncs sprint rows","status":"passed","title":"creates test plans and syncs sprint rows","duration":2.7814999999991414,"failureMessages":[],"meta":{},"tags":[]},{"ancestorTitles":["module data access"],"fullName":"module data access creates test cases with default priority and logging","status":"passed","title":"creates test cases with default priority and logging","duration":1.890400000000227,"failureMessages":[],"meta":{},"tags":[]},{"ancestorTitles":["module data access"],"fullName":"module data access updates test plans and syncs sprint rows","status":"passed","title":"updates test plans and syncs sprint rows","duration":1.9830000000001746,"failureMessages":[],"meta":{},"tags":[]},{"ancestorTitles":["module data access"],"fullName":"module data access updates test cases and hard deletes non-soft-delete tables","status":"passed","title":"updates test cases and hard deletes non-soft-delete tables","duration":2.904099999999744,"failureMessages":[],"meta":{},"tags":[]},{"ancestorTitles":["module data access"],"fullName":"module data access creates assignee records with company scoping and activity log","status":"failed","title":"creates assignee records with company scoping and activity log","duration":73.14940000000024,"failureMessages":["AssertionError: expected [ 'acme', 'Assignee', 'Rina', …(3) ] to deeply equal [ 'acme', 'Assignee', 'Rina', …(2) ]\n    at D:/Kerjaan/qa-daily/lib/__tests__/data.test.ts:471:43\n    at processTicksAndRejections (node:internal/process/task_queues:103:5)\n    at file:///D:/Kerjaan/qa-daily/node_modules/.pnpm/@vitest+runner@4.1.5/node_modules/@vitest/runner/dist/chunk-artifact.js:1903:20"],"meta":{},"tags":[]},{"ancestorTitles":["module data access"],"fullName":"module data access uses the provided company and hashes user passwords","status":"passed","title":"uses the provided company and hashes user passwords","duration":7.510599999999613,"failureMessages":[],"meta":{},"tags":[]},{"ancestorTitles":["module data access"],"fullName":"module data access applies company filters when updating status","status":"failed","title":"applies company filters when updating status","duration":20.13970000000063,"failureMessages":["AssertionError: expected [ 'acme', 'Bug', '7', …(3) ] to deeply equal [ 'acme', 'Bug', '7', …(2) ]\n    at D:/Kerjaan/qa-daily/lib/__tests__/data.test.ts:508:43\n    at processTicksAndRejections (node:internal/process/task_queues:103:5)\n    at file:///D:/Kerjaan/qa-daily/node_modules/.pnpm/@vitest+runner@4.1.5/node_modules/@vitest/runner/dist/chunk-artifact.js:1903:20"],"meta":{},"tags":[]},{"ancestorTitles":["module data access"],"fullName":"module data access clears records only for the current company","status":"passed","title":"clears records only for the current company","duration":2.961699999999837,"failureMessages":[],"meta":{},"tags":[]},{"ancestorTitles":["module data access"],"fullName":"module data access falls back to suggested developer from the latest bug","status":"passed","title":"falls back to suggested developer from the latest bug","duration":7.614300000000185,"failureMessages":[],"meta":{},"tags":[]},{"ancestorTitles":["module row queries"],"fullName":"module row queries loads resource details for a team member","status":"passed","title":"loads resource details for a team member","duration":5.802200000000084,"failureMessages":[],"meta":{},"tags":[]},{"ancestorTitles":["module row queries"],"fullName":"module row queries loads executive dashboard metrics","status":"passed","title":"loads executive dashboard metrics","duration":11.543099999999868,"failureMessages":[],"meta":{},"tags":[]},{"ancestorTitles":["module row queries"],"fullName":"module row queries loads reports and release trend data","status":"passed","title":"loads reports and release trend data","duration":6.8499000000001615,"failureMessages":[],"meta":{},"tags":[]},{"ancestorTitles":["module row queries"],"fullName":"module row queries loads dashboard data with shaped metrics and summary","status":"passed","title":"loads dashboard data with shaped metrics and summary","duration":12.446800000000621,"failureMessages":[],"meta":{},"tags":[]},{"ancestorTitles":["module row queries"],"fullName":"module row queries keeps project filters off company-only dashboard tables","status":"passed","title":"keeps project filters off company-only dashboard tables","duration":5.093199999999342,"failureMessages":[],"meta":{},"tags":[]},{"ancestorTitles":["module row queries"],"fullName":"module row queries loads project data with stats and nested relations","status":"passed","title":"loads project data with stats and nested relations","duration":13.766200000000026,"failureMessages":[],"meta":{},"tags":[]},{"ancestorTitles":["module row queries"],"fullName":"module row queries loads test cases with suite and plan context","status":"passed","title":"loads test cases with suite and plan context","duration":9.330299999999625,"failureMessages":[],"meta":{},"tags":[]},{"ancestorTitles":["module row queries"],"fullName":"module row queries loads user rows with company scope","status":"passed","title":"loads user rows with company scope","duration":2.7236000000002605,"failureMessages":[],"meta":{},"tags":[]},{"ancestorTitles":["module row queries"],"fullName":"module row queries hydrates deployment notes from changelog when notes are empty","status":"passed","title":"hydrates deployment notes from changelog when notes are empty","duration":7.534700000000157,"failureMessages":[],"meta":{},"tags":[]},{"ancestorTitles":["module row queries"],"fullName":"module row queries reads assignees from User table and filters admins","status":"passed","title":"reads assignees from User table and filters admins","duration":2.3154999999997017,"failureMessages":[],"meta":{},"tags":[]},{"ancestorTitles":["module row queries"],"fullName":"module row queries adds suite statistics and company scoping","status":"passed","title":"adds suite statistics and company scoping","duration":3.3114000000005035,"failureMessages":[],"meta":{},"tags":[]},{"ancestorTitles":["module row queries"],"fullName":"module row queries loads sprint rows with derived plan data","status":"passed","title":"loads sprint rows with derived plan data","duration":2.015900000000329,"failureMessages":[],"meta":{},"tags":[]}],"startTime":1779079591341,"endTime":1779079591686.0159,"status":"failed","message":"","name":"D:/Kerjaan/qa-daily/lib/__tests__/data.test.ts"},{"assertionResults":[{"ancestorTitles":["db-query-utils"],"fullName":"db-query-utils converts sqlite-style DATE and params to postgres syntax","status":"passed","title":"converts sqlite-style DATE and params to postgres syntax","duration":9.330000000000041,"failureMessages":[],"meta":{},"tags":[]},{"ancestorTitles":["db-query-utils"],"fullName":"db-query-utils parses quoted insert statements","status":"passed","title":"parses quoted insert statements","duration":6.562900000000013,"failureMessages":[],"meta":{},"tags":[]},{"ancestorTitles":["db-query-utils"],"fullName":"db-query-utils prepends id for sequential insert tables","status":"passed","title":"prepends id for sequential insert tables","duration":2.9542000000000144,"failureMessages":[],"meta":{},"tags":[]},{"ancestorTitles":["db-query-utils"],"fullName":"db-query-utils does not rewrite inserts that already include id","status":"passed","title":"does not rewrite inserts that already include id","duration":1.3806000000000722,"failureMessages":[],"meta":{},"tags":[]},{"ancestorTitles":["db-query-utils"],"fullName":"db-query-utils detects sequential id conflicts for sqlite and postgres errors","status":"passed","title":"detects sequential id conflicts for sqlite and postgres errors","duration":1.474299999999971,"failureMessages":[],"meta":{},"tags":[]}],"startTime":1779079734144,"endTime":1779079734167.4744,"status":"passed","message":"","name":"D:/Kerjaan/qa-daily/lib/__tests__/db-query-utils.test.ts"},{"assertionResults":[{"ancestorTitles":["generateDeploymentNotes"],"fullName":"generateDeploymentNotes summarizes mixed changelog lines into thematic notes","status":"passed","title":"summarizes mixed changelog lines into thematic notes","duration":19.27500000000009,"failureMessages":[],"meta":{},"tags":[]}],"startTime":1779079735549,"endTime":1779079735568.275,"status":"passed","message":"","name":"D:/Kerjaan/qa-daily/lib/__tests__/deployment-notes.test.ts"},{"assertionResults":[{"ancestorTitles":["buildWorkbook"],"fullName":"buildWorkbook exports deployment notes, fills every field, and applies row borders and height","status":"passed","title":"exports deployment notes, fills every field, and applies row borders and height","duration":147.71360000000004,"failureMessages":[],"meta":{},"tags":[]}],"startTime":1779079707386,"endTime":1779079707533.7136,"status":"passed","message":"","name":"D:/Kerjaan/qa-daily/lib/__tests__/excel.test.ts"},{"assertionResults":[{"ancestorTitles":["module registry"],"fullName":"module registry keeps moduleOrder aligned with moduleConfigs","status":"passed","title":"keeps moduleOrder aligned with moduleConfigs","duration":13.393299999999726,"failureMessages":[],"meta":{},"tags":[]},{"ancestorTitles":["module registry"],"fullName":"module registry derives moduleLabels from shortTitle","status":"passed","title":"derives moduleLabels from shortTitle","duration":3.8129000000003543,"failureMessages":[],"meta":{},"tags":[]},{"ancestorTitles":["tasks config contract"],"fullName":"tasks config contract exposes stable metadata and field definitions","status":"passed","title":"exposes stable metadata and field definitions","duration":3.3650000000002365,"failureMessages":[],"meta":{},"tags":[]},{"ancestorTitles":["tasks config contract"],"fullName":"tasks config contract parses a generated valid entry","status":"passed","title":"parses a generated valid entry","duration":22.266299999999774,"failureMessages":[],"meta":{},"tags":[]},{"ancestorTitles":["tasks config contract"],"fullName":"tasks config contract accepts select labels from exported workbooks","status":"passed","title":"accepts select labels from exported workbooks","duration":1.8141999999998006,"failureMessages":[],"meta":{},"tags":[]},{"ancestorTitles":["bugs config contract"],"fullName":"bugs config contract exposes stable metadata and field definitions","status":"passed","title":"exposes stable metadata and field definitions","duration":2.465299999999843,"failureMessages":[],"meta":{},"tags":[]},{"ancestorTitles":["bugs config contract"],"fullName":"bugs config contract parses a generated valid entry","status":"passed","title":"parses a generated valid entry","duration":6.630099999999857,"failureMessages":[],"meta":{},"tags":[]},{"ancestorTitles":["bugs config contract"],"fullName":"bugs config contract accepts select labels from exported workbooks","status":"passed","title":"accepts select labels from exported workbooks","duration":2.2222999999999047,"failureMessages":[],"meta":{},"tags":[]},{"ancestorTitles":["test-cases config contract"],"fullName":"test-cases config contract exposes stable metadata and field definitions","status":"passed","title":"exposes stable metadata and field definitions","duration":2.9984999999996944,"failureMessages":[],"meta":{},"tags":[]},{"ancestorTitles":["test-cases config contract"],"fullName":"test-cases config contract parses a generated valid entry","status":"passed","title":"parses a generated valid entry","duration":6.165300000000116,"failureMessages":[],"meta":{},"tags":[]},{"ancestorTitles":["test-cases config contract"],"fullName":"test-cases config contract accepts select labels from exported workbooks","status":"passed","title":"accepts select labels from exported workbooks","duration":4.245000000000346,"failureMessages":[],"meta":{},"tags":[]},{"ancestorTitles":["test-plans config contract"],"fullName":"test-plans config contract exposes stable metadata and field definitions","status":"passed","title":"exposes stable metadata and field definitions","duration":4.83159999999998,"failureMessages":[],"meta":{},"tags":[]},{"ancestorTitles":["test-plans config contract"],"fullName":"test-plans config contract parses a generated valid entry","status":"passed","title":"parses a generated valid entry","duration":4.7029999999999745,"failureMessages":[],"meta":{},"tags":[]},{"ancestorTitles":["test-plans config contract"],"fullName":"test-plans config contract accepts select labels from exported workbooks","status":"passed","title":"accepts select labels from exported workbooks","duration":0.8856000000000677,"failureMessages":[],"meta":{},"tags":[]},{"ancestorTitles":["test-sessions config contract"],"fullName":"test-sessions config contract exposes stable metadata and field definitions","status":"passed","title":"exposes stable metadata and field definitions","duration":1.614100000000235,"failureMessages":[],"meta":{},"tags":[]},{"ancestorTitles":["test-sessions config contract"],"fullName":"test-sessions config contract parses a generated valid entry","status":"passed","title":"parses a generated valid entry","duration":12.159299999999803,"failureMessages":[],"meta":{},"tags":[]},{"ancestorTitles":["test-sessions config contract"],"fullName":"test-sessions config contract accepts select labels from exported workbooks","status":"passed","title":"accepts select labels from exported workbooks","duration":2.234899999999925,"failureMessages":[],"meta":{},"tags":[]},{"ancestorTitles":["test-suites config contract"],"fullName":"test-suites config contract exposes stable metadata and field definitions","status":"passed","title":"exposes stable metadata and field definitions","duration":1.3769999999999527,"failureMessages":[],"meta":{},"tags":[]},{"ancestorTitles":["test-suites config contract"],"fullName":"test-suites config contract parses a generated valid entry","status":"passed","title":"parses a generated valid entry","duration":17.49980000000005,"failureMessages":[],"meta":{},"tags":[]},{"ancestorTitles":["test-suites config contract"],"fullName":"test-suites config contract accepts select labels from exported workbooks","status":"passed","title":"accepts select labels from exported workbooks","duration":5.840499999999793,"failureMessages":[],"meta":{},"tags":[]},{"ancestorTitles":["meeting-notes config contract"],"fullName":"meeting-notes config contract exposes stable metadata and field definitions","status":"passed","title":"exposes stable metadata and field definitions","duration":2.534400000000005,"failureMessages":[],"meta":{},"tags":[]},{"ancestorTitles":["meeting-notes config contract"],"fullName":"meeting-notes config contract parses a generated valid entry","status":"passed","title":"parses a generated valid entry","duration":6.246399999999994,"failureMessages":[],"meta":{},"tags":[]},{"ancestorTitles":["meeting-notes config contract"],"fullName":"meeting-notes config contract accepts select labels from exported workbooks","status":"passed","title":"accepts select labels from exported workbooks","duration":0.4501000000000204,"failureMessages":[],"meta":{},"tags":[]},{"ancestorTitles":["assignees config contract"],"fullName":"assignees config contract exposes stable metadata and field definitions","status":"passed","title":"exposes stable metadata and field definitions","duration":1.1300999999998567,"failureMessages":[],"meta":{},"tags":[]},{"ancestorTitles":["assignees config contract"],"fullName":"assignees config contract parses a generated valid entry","status":"passed","title":"parses a generated valid entry","duration":3.8922999999999774,"failureMessages":[],"meta":{},"tags":[]},{"ancestorTitles":["assignees config contract"],"fullName":"assignees config contract accepts select labels from exported workbooks","status":"passed","title":"accepts select labels from exported workbooks","duration":0.7233999999998559,"failureMessages":[],"meta":{},"tags":[]},{"ancestorTitles":["sprints config contract"],"fullName":"sprints config contract exposes stable metadata and field definitions","status":"passed","title":"exposes stable metadata and field definitions","duration":2.189600000000155,"failureMessages":[],"meta":{},"tags":[]},{"ancestorTitles":["sprints config contract"],"fullName":"sprints config contract parses a generated valid entry","status":"passed","title":"parses a generated valid entry","duration":5.6469999999999345,"failureMessages":[],"meta":{},"tags":[]},{"ancestorTitles":["sprints config contract"],"fullName":"sprints config contract accepts select labels from exported workbooks","status":"passed","title":"accepts select labels from exported workbooks","duration":1.0558000000000902,"failureMessages":[],"meta":{},"tags":[]},{"ancestorTitles":["users config contract"],"fullName":"users config contract exposes stable metadata and field definitions","status":"passed","title":"exposes stable metadata and field definitions","duration":1.423699999999826,"failureMessages":[],"meta":{},"tags":[]},{"ancestorTitles":["users config contract"],"fullName":"users config contract parses a generated valid entry","status":"passed","title":"parses a generated valid entry","duration":20.45699999999988,"failureMessages":[],"meta":{},"tags":[]},{"ancestorTitles":["users config contract"],"fullName":"users config contract accepts select labels from exported workbooks","status":"passed","title":"accepts select labels from exported workbooks","duration":0.8424999999997453,"failureMessages":[],"meta":{},"tags":[]},{"ancestorTitles":["deployments config contract"],"fullName":"deployments config contract exposes stable metadata and field definitions","status":"passed","title":"exposes stable metadata and field definitions","duration":2.647399999999834,"failureMessages":[],"meta":{},"tags":[]},{"ancestorTitles":["deployments config contract"],"fullName":"deployments config contract parses a generated valid entry","status":"passed","title":"parses a generated valid entry","duration":17.57400000000007,"failureMessages":[],"meta":{},"tags":[]},{"ancestorTitles":["deployments config contract"],"fullName":"deployments config contract accepts select labels from exported workbooks","status":"passed","title":"accepts select labels from exported workbooks","duration":0.8126999999999498,"failureMessages":[],"meta":{},"tags":[]},{"ancestorTitles":["formDataToEntry"],"fullName":"formDataToEntry keeps only string values","status":"passed","title":"keeps only string values","duration":1.1601000000000568,"failureMessages":[],"meta":{},"tags":[]},{"ancestorTitles":["field formatting"],"fullName":"field formatting formats select values as labels and trims plain text","status":"passed","title":"formats select values as labels and trims plain text","duration":1.9355000000000473,"failureMessages":[],"meta":{},"tags":[]},{"ancestorTitles":["field formatting"],"fullName":"field formatting normalizes select labels back to stored values","status":"passed","title":"normalizes select labels back to stored values","duration":3.2606000000000677,"failureMessages":[],"meta":{},"tags":[]},{"ancestorTitles":["field formatting"],"fullName":"field formatting normalizes multiline entry values through the facade export","status":"passed","title":"normalizes multiline entry values through the facade export","duration":1.4294999999997344,"failureMessages":[],"meta":{},"tags":[]}],"startTime":1779079653720,"endTime":1779079653964.4294,"status":"passed","message":"","name":"D:/Kerjaan/qa-daily/lib/__tests__/modules.test.ts"},{"assertionResults":[{"ancestorTitles":["getItemTitleField"],"fullName":"getItemTitleField returns title field for tasks module","status":"passed","title":"returns title field for tasks module","duration":7.747100000000501,"failureMessages":[],"meta":{},"tags":[]},{"ancestorTitles":["getItemTitleField"],"fullName":"getItemTitleField returns title field for bugs module","status":"passed","title":"returns title field for bugs module","duration":1.2528000000020256,"failureMessages":[],"meta":{},"tags":[]},{"ancestorTitles":["getItemTitleField"],"fullName":"getItemTitleField returns caseName field for test-cases module","status":"passed","title":"returns caseName field for test-cases module","duration":0.8621999999995751,"failureMessages":[],"meta":{},"tags":[]},{"ancestorTitles":["getItemTitleField"],"fullName":"getItemTitleField returns name field for users module","status":"passed","title":"returns name field for users module","duration":1.4098999999987427,"failureMessages":[],"meta":{},"tags":[]},{"ancestorTitles":["getItemTitleField"],"fullName":"getItemTitleField returns name field for assignees module","status":"passed","title":"returns name field for assignees module","duration":1.2125000000014552,"failureMessages":[],"meta":{},"tags":[]},{"ancestorTitles":["getItemTitleField"],"fullName":"getItemTitleField returns name field for sprints module","status":"passed","title":"returns name field for sprints module","duration":0.6474000000016531,"failureMessages":[],"meta":{},"tags":[]},{"ancestorTitles":["getItemTitleField"],"fullName":"getItemTitleField returns title field for meeting-notes module","status":"passed","title":"returns title field for meeting-notes module","duration":0.9442000000017288,"failureMessages":[],"meta":{},"tags":[]},{"ancestorTitles":["getItemTitleField"],"fullName":"getItemTitleField returns title field for test-plans module","status":"passed","title":"returns title field for test-plans module","duration":0.764100000000326,"failureMessages":[],"meta":{},"tags":[]},{"ancestorTitles":["getItemTitleField"],"fullName":"getItemTitleField returns title field for test-suites module","status":"passed","title":"returns title field for test-suites module","duration":1.9002999999975145,"failureMessages":[],"meta":{},"tags":[]},{"ancestorTitles":["getItemTitleField"],"fullName":"getItemTitleField returns scope field for test-sessions module","status":"passed","title":"returns scope field for test-sessions module","duration":0.9144999999989523,"failureMessages":[],"meta":{},"tags":[]},{"ancestorTitles":["getItemTitleField"],"fullName":"getItemTitleField returns version field for deployments module","status":"passed","title":"returns version field for deployments module","duration":0.8405999999995402,"failureMessages":[],"meta":{},"tags":[]},{"ancestorTitles":["getItemTitleField"],"fullName":"getItemTitleField falls back to title when primary field is missing","status":"passed","title":"falls back to title when primary field is missing","duration":0.561200000000099,"failureMessages":[],"meta":{},"tags":[]},{"ancestorTitles":["getItemTitleField"],"fullName":"getItemTitleField falls back to name when primary field and title are missing","status":"passed","title":"falls back to name when primary field and title are missing","duration":0.5542999999997846,"failureMessages":[],"meta":{},"tags":[]},{"ancestorTitles":["getItemTitleField"],"fullName":"getItemTitleField falls back to #id when no title fields are available","status":"passed","title":"falls back to #id when no title fields are available","duration":0.6145999999971536,"failureMessages":[],"meta":{},"tags":[]},{"ancestorTitles":["getItemTitleField"],"fullName":"getItemTitleField returns Untitled when no fields are available at all","status":"passed","title":"returns Untitled when no fields are available at all","duration":0.4389000000010128,"failureMessages":[],"meta":{},"tags":[]},{"ancestorTitles":["getItemTitleField"],"fullName":"getItemTitleField trims whitespace from title values","status":"passed","title":"trims whitespace from title values","duration":0.6707999999998719,"failureMessages":[],"meta":{},"tags":[]},{"ancestorTitles":["getItemTitleField"],"fullName":"getItemTitleField skips empty string title fields","status":"passed","title":"skips empty string title fields","duration":0.49680000000080327,"failureMessages":[],"meta":{},"tags":[]},{"ancestorTitles":["getItemTitleField"],"fullName":"getItemTitleField skips whitespace-only title fields","status":"passed","title":"skips whitespace-only title fields","duration":0.5230000000010477,"failureMessages":[],"meta":{},"tags":[]},{"ancestorTitles":["buildOgDescription"],"fullName":"buildOgDescription includes status when available","status":"passed","title":"includes status when available","duration":1.0905000000020664,"failureMessages":[],"meta":{},"tags":[]},{"ancestorTitles":["buildOgDescription"],"fullName":"buildOgDescription includes priority when available","status":"passed","title":"includes priority when available","duration":0.533900000002177,"failureMessages":[],"meta":{},"tags":[]},{"ancestorTitles":["buildOgDescription"],"fullName":"buildOgDescription includes severity when available","status":"passed","title":"includes severity when available","duration":0.60649999999805,"failureMessages":[],"meta":{},"tags":[]},{"ancestorTitles":["buildOgDescription"],"fullName":"buildOgDescription includes assignee when available","status":"passed","title":"includes assignee when available","duration":0.6270000000004075,"failureMessages":[],"meta":{},"tags":[]},{"ancestorTitles":["buildOgDescription"],"fullName":"buildOgDescription includes tester for test-sessions when no assignee","status":"passed","title":"includes tester for test-sessions when no assignee","duration":0.547099999999773,"failureMessages":[],"meta":{},"tags":[]},{"ancestorTitles":["buildOgDescription"],"fullName":"buildOgDescription includes project when available","status":"passed","title":"includes project when available","duration":0.8407999999981257,"failureMessages":[],"meta":{},"tags":[]},{"ancestorTitles":["buildOgDescription"],"fullName":"buildOgDescription joins multiple fields with middle dot separator","status":"passed","title":"joins multiple fields with middle dot separator","duration":0.6899999999986903,"failureMessages":[],"meta":{},"tags":[]},{"ancestorTitles":["buildOgDescription"],"fullName":"buildOgDescription returns empty string when no metadata fields are present","status":"passed","title":"returns empty string when no metadata fields are present","duration":0.5102000000006228,"failureMessages":[],"meta":{},"tags":[]},{"ancestorTitles":["buildOgDescription"],"fullName":"buildOgDescription truncates description to max 200 characters with ellipsis","status":"passed","title":"truncates description to max 200 characters with ellipsis","duration":1.0030000000006112,"failureMessages":[],"meta":{},"tags":[]},{"ancestorTitles":["buildOgDescription"],"fullName":"buildOgDescription does not truncate descriptions under 200 characters","status":"passed","title":"does not truncate descriptions under 200 characters","duration":1.121900000001915,"failureMessages":[],"meta":{},"tags":[]},{"ancestorTitles":["buildOgDescription"],"fullName":"buildOgDescription ignores non-string field values","status":"passed","title":"ignores non-string field values","duration":0.5623999999988882,"failureMessages":[],"meta":{},"tags":[]},{"ancestorTitles":["generateMetadata","item-specific tags with ?view param"],"fullName":"generateMetadata item-specific tags with ?view param returns item-specific OG tags when ?view={id} is present and item exists","status":"passed","title":"returns item-specific OG tags when ?view={id} is present and item exists","duration":3.1146999999982654,"failureMessages":[],"meta":{},"tags":[]},{"ancestorTitles":["generateMetadata","item-specific tags with ?view param"],"fullName":"generateMetadata item-specific tags with ?view param uses caseName for test-cases module title","status":"passed","title":"uses caseName for test-cases module title","duration":1.1723999999994703,"failureMessages":[],"meta":{},"tags":[]},{"ancestorTitles":["generateMetadata","item-specific tags with ?view param"],"fullName":"generateMetadata item-specific tags with ?view param falls back to module-level metadata when item is not found","status":"passed","title":"falls back to module-level metadata when item is not found","duration":1.8549000000020897,"failureMessages":[],"meta":{},"tags":[]},{"ancestorTitles":["generateMetadata","item-specific tags with ?view param"],"fullName":"generateMetadata item-specific tags with ?view param falls back to module-level metadata when view param is non-numeric","status":"passed","title":"falls back to module-level metadata when view param is non-numeric","duration":0.6190000000024156,"failureMessages":[],"meta":{},"tags":[]},{"ancestorTitles":["generateMetadata","module-level tags without ?view param"],"fullName":"generateMetadata module-level tags without ?view param returns module-level OG tags when no ?view param is present","status":"passed","title":"returns module-level OG tags when no ?view param is present","duration":0.7862999999997555,"failureMessages":[],"meta":{},"tags":[]},{"ancestorTitles":["generateMetadata","module-level tags without ?view param"],"fullName":"generateMetadata module-level tags without ?view param returns module-level OG tags for test-plans module","status":"passed","title":"returns module-level OG tags for test-plans module","duration":0.6391999999977998,"failureMessages":[],"meta":{},"tags":[]},{"ancestorTitles":["generateMetadata","module-level tags without ?view param"],"fullName":"generateMetadata module-level tags without ?view param returns generic title for invalid module","status":"passed","title":"returns generic title for invalid module","duration":0.4385000000002037,"failureMessages":[],"meta":{},"tags":[
[...]
atus field on Bug","status":"passed","title":"updates status field on Bug","duration":5.042500000000018,"failureMessages":[],"meta":{},"tags":[]},{"ancestorTitles":["PATCH /api/dashboard/quick-action","status action"],"fullName":"PATCH /api/dashboard/quick-action status action updates status field on Task","status":"passed","title":"updates status field on Task","duration":3.261199999999917,"failureMessages":[],"meta":{},"tags":[]},{"ancestorTitles":["PATCH /api/dashboard/quick-action","status action"],"fullName":"PATCH /api/dashboard/quick-action status action calls logActivity for status action","status":"failed","title":"calls logActivity for status action","duration":6.809299999999894,"failureMessages":["AssertionError: expected \"vi.fn()\" to be called with arguments: [ 'acme', 'Bug', '3', 'Updated', …(1) ]\n\nReceived:\n\n  1st vi.fn() call:\n\n@@ -2,6 +2,7 @@\n    \"acme\",\n    \"Bug\",\n    \"3\",\n    \"Updated\",\n    \"Changed Bug status to resolved\",\n+   \"\",\n  ]\n\n\nNumber of calls: 1\n\n    at Proxy.<anonymous> (file:///D:/Kerjaan/qa-daily/node_modules/.pnpm/@vitest+expect@4.1.5/node_modules/@vitest/expect/dist/index.js:1487:10)\n    at Proxy.<anonymous> (file:///D:/Kerjaan/qa-daily/node_modules/.pnpm/@vitest+expect@4.1.5/node_modules/@vitest/expect/dist/index.js:1156:15)\n    at Proxy.methodWrapper (file:///D:/Kerjaan/qa-daily/node_modules/.pnpm/chai@6.2.2/node_modules/chai/index.js:1700:25)\n    at D:/Kerjaan/qa-daily/app/api/dashboard/quick-action/__tests__/route.test.ts:272:33\n    at processTicksAndRejections (node:internal/process/task_queues:103:5)\n    at file:///D:/Kerjaan/qa-daily/node_modules/.pnpm/@vitest+runner@4.1.5/node_modules/@vitest/runner/dist/chunk-artifact.js:1903:20"],"meta":{},"tags":[]},{"ancestorTitles":["PATCH /api/dashboard/quick-action","error handling"],"fullName":"PATCH /api/dashboard/quick-action error handling returns 500 when db.get throws","status":"passed","title":"returns 500 when db.get throws","duration":9.434300000000349,"failureMessages":[],"meta":{},"tags":[]},{"ancestorTitles":["PATCH /api/dashboard/quick-action","error handling"],"fullName":"PATCH /api/dashboard/quick-action error handling returns 500 when db.run throws during update","status":"passed","title":"returns 500 when db.run throws during update","duration":4.623199999999997,"failureMessages":[],"meta":{},"tags":[]},{"ancestorTitles":["PATCH /api/dashboard/quick-action","company-scoped isolation"],"fullName":"PATCH /api/dashboard/quick-action company-scoped isolation queries entity with company filter","status":"passed","title":"queries entity with company filter","duration":2.6372999999998683,"failureMessages":[],"meta":{},"tags":[]},{"ancestorTitles":["PATCH /api/dashboard/quick-action","company-scoped isolation"],"fullName":"PATCH /api/dashboard/quick-action company-scoped isolation updates entity with company filter","status":"passed","title":"updates entity with company filter","duration":4.128500000000258,"failureMessages":[],"meta":{},"tags":[]}],"startTime":1779079593788,"endTime":1779079594019.1284,"status":"failed","message":"","name":"D:/Kerjaan/qa-daily/app/api/dashboard/quick-action/__tests__/route.test.ts"},{"assertionResults":[{"ancestorTitles":["POST /api/dashboard/presence","authentication"],"fullName":"POST /api/dashboard/presence authentication returns 401 when user is not authenticated","status":"failed","title":"returns 401 when user is not authenticated","duration":71.06089999999949,"failureMessages":["AssertionError: expected 'UNAUTHORIZED' to be 'FORBIDDEN' // Object.is equality\n    at D:/Kerjaan/qa-daily/app/api/dashboard/presence/__tests__/route.test.ts:54:25\n    at processTicksAndRejections (node:internal/process/task_queues:103:5)\n    at file:///D:/Kerjaan/qa-daily/node_modules/.pnpm/@vitest+runner@4.1.5/node_modules/@vitest/runner/dist/chunk-artifact.js:1903:20"],"meta":{},"tags":[]},{"ancestorTitles":["POST /api/dashboard/presence","validation"],"fullName":"POST /api/dashboard/presence validation returns 400 when body is invalid JSON","status":"passed","title":"returns 400 when body is invalid JSON","duration":4.432999999999993,"failureMessages":[],"meta":{},"tags":[]},{"ancestorTitles":["POST /api/dashboard/presence","validation"],"fullName":"POST /api/dashboard/presence validation returns 400 when action is missing","status":"passed","title":"returns 400 when action is missing","duration":6.676199999999881,"failureMessages":[],"meta":{},"tags":[]},{"ancestorTitles":["POST /api/dashboard/presence","validation"],"fullName":"POST /api/dashboard/presence validation returns 400 when action is invalid","status":"passed","title":"returns 400 when action is invalid","duration":6.108099999999467,"failureMessages":[],"meta":{},"tags":[]},{"ancestorTitles":["POST /api/dashboard/presence","heartbeat action"],"fullName":"POST /api/dashboard/presence heartbeat action calls upsertHeartbeat with company, userId, and userName","status":"failed","title":"calls upsertHeartbeat with company, userId, and userName","duration":43.074100000000726,"failureMessages":["AssertionError: expected 500 to be 200 // Object.is equality\n    at D:/Kerjaan/qa-daily/app/api/dashboard/presence/__tests__/route.test.ts:103:31\n    at processTicksAndRejections (node:internal/process/task_queues:103:5)\n    at file:///D:/Kerjaan/qa-daily/node_modules/.pnpm/@vitest+runner@4.1.5/node_modules/@vitest/runner/dist/chunk-artifact.js:1903:20"],"meta":{},"tags":[]},{"ancestorTitles":["POST /api/dashboard/presence","heartbeat action"],"fullName":"POST /api/dashboard/presence heartbeat action handles user with no name gracefully","status":"failed","title":"handles user with no name gracefully","duration":12.318099999999504,"failureMessages":["AssertionError: expected 500 to be 200 // Object.is equality\n    at D:/Kerjaan/qa-daily/app/api/dashboard/presence/__tests__/route.test.ts:114:31\n    at processTicksAndRejections (node:internal/process/task_queues:103:5)\n    at file:///D:/Kerjaan/qa-daily/node_modules/.pnpm/@vitest+runner@4.1.5/node_modules/@vitest/runner/dist/chunk-artifact.js:1903:20"],"meta":{},"tags":[]},{"ancestorTitles":["POST /api/dashboard/presence","heartbeat action"],"fullName":"POST /api/dashboard/presence heartbeat action returns success for admin user","status":"failed","title":"returns success for admin user","duration":10.979100000000471,"failureMessages":["AssertionError: expected 500 to be 200 // Object.is equality\n    at D:/Kerjaan/qa-daily/app/api/dashboard/presence/__tests__/route.test.ts:123:31\n    at processTicksAndRejections (node:internal/process/task_queues:103:5)\n    at file:///D:/Kerjaan/qa-daily/node_modules/.pnpm/@vitest+runner@4.1.5/node_modules/@vitest/runner/dist/chunk-artifact.js:1903:20"],"meta":{},"tags":[]},{"ancestorTitles":["POST /api/dashboard/presence","disconnect action"],"fullName":"POST /api/dashboard/presence disconnect action deletes user presence record with company scope","status":"failed","title":"deletes user presence record with company scope","duration":19.666599999999562,"failureMessages":["AssertionError: expected \"vi.fn()\" to be called with arguments: [ Array(2) ]\n\nReceived:\n\n  1st vi.fn() call:\n\n  [\n-   StringContaining \"DELETE FROM\",\n+   \"DELETE FROM \\\"PresenceHeartbeat\\\" WHERE \\\"userId\\\" = CAST(? AS INTEGER)\",\n    [\n      7,\n-     \"acme\",\n    ],\n  ]\n\n\nNumber of calls: 1\n\n    at Proxy.<anonymous> (file:///D:/Kerjaan/qa-daily/node_modules/.pnpm/@vitest+expect@4.1.5/node_modules/@vitest/expect/dist/index.js:1487:10)\n    at Proxy.<anonymous> (file:///D:/Kerjaan/qa-daily/node_modules/.pnpm/@vitest+expect@4.1.5/node_modules/@vitest/expect/dist/index.js:1156:15)\n    at Proxy.methodWrapper (file:///D:/Kerjaan/qa-daily/node_modules/.pnpm/chai@6.2.2/node_modules/chai/index.js:1700:25)\n    at D:/Kerjaan/qa-daily/app/api/dashboard/presence/__tests__/route.test.ts:138:27\n    at processTicksAndRejections (node:internal/process/task_queues:103:5)\n    at file:///D:/Kerjaan/qa-daily/node_modules/.pnpm/@vitest+runner@4.1.5/node_modules/@vitest/runner/dist/chunk-artifact.js:1903:20"],"meta":{},"tags":[]},{"ancestorTitles":["POST /api/dashboard/presence","disconnect action"],"fullName":"POST /api/dashboard/presence disconnect action enforces company-scoped isolation on disconnect","status":"failed","title":"enforces company-scoped isolation on disconnect","duration":28.387300000000323,"failureMessages":["AssertionError: expected \"vi.fn()\" to be called with arguments: [ …(2) ]\n\nReceived:\n\n  1st vi.fn() call:\n\n  [\n-   StringContaining \"\\\"company\\\" = ?\",\n+   \"DELETE FROM \\\"PresenceHeartbeat\\\" WHERE \\\"userId\\\" = CAST(? AS INTEGER)\",\n    [\n      2,\n-     \"other-co\",\n    ],\n  ]\n\n\nNumber of calls: 1\n\n    at Proxy.<anonymous> (file:///D:/Kerjaan/qa-daily/node_modules/.pnpm/@vitest+expect@4.1.5/node_modules/@vitest/expect/dist/index.js:1487:10)\n    at Proxy.<anonymous> (file:///D:/Kerjaan/qa-daily/node_modules/.pnpm/@vitest+expect@4.1.5/node_modules/@vitest/expect/dist/index.js:1156:15)\n    at Proxy.methodWrapper (file:///D:/Kerjaan/qa-daily/node_modules/.pnpm/chai@6.2.2/node_modules/chai/index.js:1700:25)\n    at D:/Kerjaan/qa-daily/app/api/dashboard/presence/__tests__/route.test.ts:151:27\n    at processTicksAndRejections (node:internal/process/task_queues:103:5)\n    at file:///D:/Kerjaan/qa-daily/node_modules/.pnpm/@vitest+runner@4.1.5/node_modules/@vitest/runner/dist/chunk-artifact.js:1903:20"],"meta":{},"tags":[]},{"ancestorTitles":["POST /api/dashboard/presence","error handling"],"fullName":"POST /api/dashboard/presence error handling returns 500 when upsertHeartbeat throws","status":"failed","title":"returns 500 when upsertHeartbeat throws","duration":15.726799999999457,"failureMessages":["AssertionError: expected 'Failed to update presence' to be 'An unexpected error occurred' // Object.is equality\n    at D:/Kerjaan/qa-daily/app/api/dashboard/presence/__tests__/route.test.ts:168:26\n    at processTicksAndRejections (node:internal/process/task_queues:103:5)\n    at file:///D:/Kerjaan/qa-daily/node_modules/.pnpm/@vitest+runner@4.1.5/node_modules/@vitest/runner/dist/chunk-artifact.js:1903:20"],"meta":{},"tags":[]},{"ancestorTitles":["POST /api/dashboard/presence","error handling"],"fullName":"POST /api/dashboard/presence error handling returns 500 when db.run throws on disconnect","status":"passed","title":"returns 500 when db.run throws on disconnect","duration":4.776299999999537,"failureMessages":[],"meta":{},"tags":[]},{"ancestorTitles":["POST /api/dashboard/presence","company-scoped isolation"],"fullName":"POST /api/dashboard/presence company-scoped isolation uses company from getAccessScope for heartbeat","status":"failed","title":"uses company from getAccessScope for heartbeat","duration":8.506499999999505,"failureMessages":["AssertionError: expected 500 to be 200 // Object.is equality\n    at D:/Kerjaan/qa-daily/app/api/dashboard/presence/__tests__/route.test.ts:190:31\n    at processTicksAndRejections (node:internal/process/task_queues:103:5)\n    at file:///D:/Kerjaan/qa-daily/node_modules/.pnpm/@vitest+runner@4.1.5/node_modules/@vitest/runner/dist/chunk-artifact.js:1903:20"],"meta":{},"tags":[]}],"startTime":1779079591306,"endTime":1779079591546.5066,"status":"failed","message":"","name":"D:/Kerjaan/qa-daily/app/api/dashboard/presence/__tests__/route.test.ts"},{"assertionResults":[{"ancestorTitles":["invite token route"],"fullName":"invite token route returns 403 when revoke fails","status":"passed","title":"returns 403 when revoke fails","duration":40.460399999999936,"failureMessages":[],"meta":{},"tags":[]},{"ancestorTitles":["invite token route"],"fullName":"invite token route revokes invites","status":"passed","title":"revokes invites","duration":8.615399999999909,"failureMessages":[],"meta":{},"tags":[]}],"startTime":1779079717445,"endTime":1779079717494.6155,"status":"passed","message":"","name":"D:/Kerjaan/qa-daily/app/api/invites/[token]/__tests__/route.test.ts"},{"assertionResults":[{"ancestorTitles":["reset-db route"],"fullName":"reset-db route returns 404 when route is disabled","status":"passed","title":"returns 404 when route is disabled","duration":47.20859999999993,"failureMessages":[],"meta":{},"tags":[]},{"ancestorTitles":["reset-db route"],"fullName":"reset-db route returns 403 for non-admin user","status":"passed","title":"returns 403 for non-admin user","duration":6.332200000000057,"failureMessages":[],"meta":{},"tags":[]},{"ancestorTitles":["reset-db route"],"fullName":"reset-db route truncates tables when explicitly enabled and authorized","status":"passed","title":"truncates tables when explicitly enabled and authorized","duration":9.627700000000004,"failureMessages":[],"meta":{},"tags":[]}],"startTime":1779079715263,"endTime":1779079715327.6277,"status":"passed","message":"","name":"D:/Kerjaan/qa-daily/app/api/tools/reset-db/__tests__/route.test.ts"},{"assertionResults":[{"ancestorTitles":["sql-run route"],"fullName":"sql-run route returns 404 when route is disabled","status":"passed","title":"returns 404 when route is disabled","duration":46.86830000000009,"failureMessages":[],"meta":{},"tags":[]},{"ancestorTitles":["sql-run route"],"fullName":"sql-run route rejects non-admin users","status":"passed","title":"rejects non-admin users","duration":7.194400000000087,"failureMessages":[],"meta":{},"tags":[]},{"ancestorTitles":["sql-run route"],"fullName":"sql-run route rejects unsafe queries","status":"passed","title":"rejects unsafe queries","duration":7.252299999999877,"failureMessages":[],"meta":{},"tags":[]},{"ancestorTitles":["sql-run route"],"fullName":"sql-run route runs read-only queries when explicitly enabled","status":"passed","title":"runs read-only queries when explicitly enabled","duration":10.241399999999885,"failureMessages":[],"meta":{},"tags":[]}],"startTime":1779079705259,"endTime":1779079705331.2415,"status":"passed","message":"","name":"D:/Kerjaan/qa-daily/app/api/tools/sql-run/__tests__/route.test.ts"},{"assertionResults":[{"ancestorTitles":["user id route"],"fullName":"user id route rejects non-admin users","status":"passed","title":"rejects non-admin users","duration":43.712499999999864,"failureMessages":[],"meta":{},"tags":[]},{"ancestorTitles":["user id route"],"fullName":"user id route rejects disallowed roles","status":"passed","title":"rejects disallowed roles","duration":8.380599999999959,"failureMessages":[],"meta":{},"tags":[]},{"ancestorTitles":["user id route"],"fullName":"user id route updates user with password","status":"passed","title":"updates user with password","duration":23.86739999999986,"failureMessages":[],"meta":{},"tags":[]},{"ancestorTitles":["user id route"],"fullName":"user id route blocks self deletion","status":"passed","title":"blocks self deletion","duration":5.468499999999949,"failureMessages":[],"meta":{},"tags":[]}],"startTime":1779079706745,"endTime":1779079706826.4685,"status":"passed","message":"","name":"D:/Kerjaan/qa-daily/app/api/users/[id]/__tests__/route.test.ts"},{"assertionResults":[{"ancestorTitles":["invite accept route"],"fullName":"invite accept route returns 400 when acceptance fails","status":"passed","title":"returns 400 when acceptance fails","duration":36.896400000000085,"failureMessages":[],"meta":{},"tags":[]},{"ancestorTitles":["invite accept route"],"fullName":"invite accept route accepts an invite","status":"passed","title":"accepts an invite","duration":9.355800000000045,"failureMessages":[],"meta":{},"tags":[]}],"startTime":1779079718817,"endTime":1779079718863.3557,"status":"passed","message":"","name":"D:/Kerjaan/qa-daily/app/api/invites/[token]/accept/__tests__/route.test.ts"},{"assertionResults":[{"ancestorTitles":["GET /api/items/[module]/[id]","successful item fetch"],"fullName":"GET /api/items/[module]/[id] successful item fetch returns item for valid module and ID within same company","status":"passed","title":"returns item for valid module and ID within same company","duration":49.455000000000155,"failureMessages":[],"meta":{},"tags":[]},{"ancestorTitles":["GET /api/items/[module]/[id]","successful item fetch"],"fullName":"GET /api/items/[module]/[id] successful item fetch returns item for admin user without company filter","status":"passed","title":"returns item for admin user without company filter","duration":12.254500000000007,"failureMessages":[],"meta":{},"tags":[]},{"ancestorTitles":["GET /api/items/[module]/[id]","404 response for non-existent item"],"fullName":"GET /api/items/[module]/[id] 404 response for non-existent item returns 404 when item does not exist at all","status":"passed","title":"returns 404 when item does not exist at all","duration":4.228200000000015,"failureMessages":[],"meta":{},"tags":[]},{"ancestorTitles":["GET /api/items/[module]/[id]","404 response for non-existent item"],"fullName":"GET /api/items/[module]/[id] 404 response for non-existent item returns 404 when item is soft-deleted","status":"passed","title":"returns 404 when item is soft-deleted","duration":3.669499999999971,"failureMessages":[],"meta":{},"tags":[]},{"ancestorTitles":["GET /api/items/[module]/[id]","403 response for cross-company access"],"fullName":"GET /api/items/[module]/[id] 403 response for cross-company access returns 403 when item exists but belongs to another company","status":"passed","title":"returns 403 when item exists but belongs to another company","duration":5.44159999999988,"failureMessages":[],"meta":{},"tags":[]},{"ancestorTitles":["GET /api/items/[module]/[id]","400 response for invalid module key"],"fullName":"GET /api/items/[module]/[id] 400 response for invalid module key returns 400 for unrecognized module key","status":"passed","title":"returns 400 for unrecognized module key","duration":3.188399999999774,"failureMessages":[],"meta":{},"tags":[]},{"ancestorTitles":["GET /api/items/[module]/[id]","400 response for invalid module key"],"fullName":"GET /api/items/[module]/[id] 400 response for invalid module key returns 400 when getTableName returns empty string","status":"passed","title":"returns 400 when getTableName returns empty string","duration":2.7052000000001044,"failureMessages":[],"meta":{},"tags":[]},{"ancestorTitles":["GET /api/items/[module]/[id]","401 response for unauthenticated user"],"fullName":"GET /api/items/[module]/[id] 401 response for unauthenticated user returns 401 when getCurrentUser returns null","status":"passed","title":"returns 401 when getCurrentUser returns null","duration":2.8421999999998206,"failureMessages":[],"meta":{},"tags":[]},{"ancestorTitles":["GET /api/items/[module]/[id]","400 response for invalid ID"],"fullName":"GET /api/items/[module]/[id] 400 response for invalid ID returns 400 for non-numeric ID","status":"passed","title":"returns 400 for non-numeric ID","duration":7.665700000000015,"failureMessages":[],"meta":{},"tags":[]},{"ancestorTitles":["GET /api/items/[module]/[id]","400 response for invalid ID"],"fullName":"GET /api/items/[module]/[id] 400 response for invalid ID returns 400 for negative ID","status":"passed","title":"returns 400 for negative ID","duration":3.8621999999998025,"failureMessages":[],"meta":{},"tags":[]},{"ancestorTitles":["GET /api/items/[module]/[id]","400 response for invalid ID"],"fullName":"GET /api/items/[module]/[id] 400 response for invalid ID returns 400 for zero ID","status":"passed","title":"returns 400 for zero ID","duration":2.601699999999937,"failureMessages":[],"meta":{},"tags":[]},{"ancestorTitles":["GET /api/items/[module]/[id]","400 response for invalid ID"],"fullName":"GET /api/items/[module]/[id] 400 response for invalid ID returns 400 for floating-point ID","status":"passed","title":"returns 400 for floating-point ID","duration":1.814200000000028,"failureMessages":[],"meta":{},"tags":[]}],"startTime":1779079655597,"endTime":1779079655703.8142,"status":"passed","message":"","name":"D:/Kerjaan/qa-daily/app/api/items/[module]/[id]/__tests__/route.test.ts"}]}
